{
  "RSpec": {
    "coverage": {
      "/Users/michael.rose/Documents/rails_proj/fb_search_app/app/controllers/application_controller.rb": [
        1,
        1,
        null
      ],
      "/Users/michael.rose/Documents/rails_proj/fb_search_app/app/helpers/application_helper.rb": [
        1,
        null
      ],
      "/Users/michael.rose/Documents/rails_proj/fb_search_app/app/helpers/fb_searches_helper.rb": [
        1,
        null
      ],
      "/Users/michael.rose/Documents/rails_proj/fb_search_app/app/controllers/fb_searches_controller.rb": [
        1,
        1,
        8,
        null,
        null,
        1,
        4,
        4,
        4,
        4,
        3,
        3,
        null,
        1,
        null,
        null,
        null,
        1,
        4,
        4,
        4,
        4,
        4,
        4,
        null,
        null,
        1,
        6,
        6,
        null,
        null,
        1,
        1,
        1,
        null,
        null,
        1,
        null,
        1,
        4,
        null,
        0,
        null,
        null,
        null,
        null,
        null,
        59,
        null,
        0,
        null,
        26,
        null,
        null,
        null,
        1,
        4,
        null,
        0,
        null,
        null,
        null,
        3,
        null,
        0,
        null,
        1,
        null,
        null,
        null
      ],
      "/Users/michael.rose/Documents/rails_proj/fb_search_app/app/models/fb_search.rb": [
        1,
        1,
        null,
        1,
        null
      ],
      "/Users/michael.rose/Documents/rails_proj/fb_search_app/lib/facebook_api/facebook_api.rb": [
        1
      ],
      "/Users/michael.rose/Documents/rails_proj/fb_search_app/lib/facebook_api/FacebookApi.rb": [
        1,
        1,
        null,
        1,
        1,
        60,
        60,
        60,
        60,
        60,
        60,
        null,
        null,
        null,
        null,
        1,
        1,
        null,
        1,
        1,
        null,
        1,
        137,
        137,
        null,
        null,
        1,
        56,
        null,
        null,
        null,
        1,
        1,
        null,
        1,
        56,
        56,
        null,
        null,
        null,
        1,
        null,
        null,
        null,
        1,
        1,
        60,
        null,
        null,
        1,
        60,
        null,
        null,
        null,
        1,
        1,
        null,
        1,
        0,
        0,
        null,
        null,
        null,
        1,
        1,
        null,
        1,
        25,
        25,
        null,
        null,
        null,
        1,
        null,
        null,
        null,
        1,
        1,
        56,
        56,
        null,
        null,
        1,
        0,
        null,
        null,
        null,
        1,
        1,
        null,
        1,
        0,
        0,
        0,
        0,
        0,
        null,
        null,
        1,
        0,
        null,
        null,
        null,
        1,
        1,
        0,
        0,
        null,
        null,
        1,
        0,
        null,
        null,
        1,
        0,
        null,
        null,
        null,
        1,
        1,
        4,
        null,
        null,
        1,
        4,
        null,
        null,
        null
      ]
    },
    "timestamp": 1368813352
  }
}
